[10-Oct-2024 21:26:57 UTC] PHP Fatal error:  Uncaught Error: Class "HU\Customizations\LMS\Init" not found in /nas/content/live/hazmatunivers1/wp-content/plugins/hu-customizations/src/Core/Init.php:15
Stack trace:
#0 /nas/content/live/hazmatunivers1/wp-content/plugins/hu-customizations/src/Core/Init.php(9): HUCustomizations\Core\Init->init()
#1 /nas/content/live/hazmatunivers1/wp-content/plugins/hu-customizations/src/Core/Init.php(25): HUCustomizations\Core\Init->__construct()
#2 /nas/content/live/hazmatunivers1/wp-content/plugins/hu-customizations/src/Init.php(12): HUCustomizations\Core\Init::get_instance()
#3 /nas/content/live/hazmatunivers1/wp-content/plugins/hu-customizations/src/Init.php(8): HUCustomizations\Init->init()
#4 /nas/content/live/hazmatunivers1/wp-content/plugins/hu-customizations/src/Init.php(22): HUCustomizations\Init->__construct()
#5 /nas/content/live/hazmatunivers1/wp-content/plugins/hu-customizations/hu-customizations.php(26): HUCustomizations\Init::get_instance()
#6 /nas/content/live/hazmatunivers1/wp-includes/class-wp-hook.php(324): wc_gateway_init('')
#7 /nas/content/live/hazmatunivers1/wp-includes/class-wp-hook.php(348): WP_Hook->apply_filters(NULL, Array)
#8 /nas/content/live/hazmatunivers1/wp-includes/plugin.php(517): WP_Hook->do_action(Array)
#9 /nas/content/live/hazmatunivers1/wp-settings.php(555): do_action('plugins_loaded')
#10 /nas/content/live/hazmatunivers1/wp-config.php(126): require_once('/nas/content/li...')
#11 /nas/content/live/hazmatunivers1/wp-load.php(50): require_once('/nas/content/li...')
#12 /nas/content/live/hazmatunivers1/wp-blog-header.php(13): require_once('/nas/content/li...')
#13 /nas/content/live/hazmatunivers1/index.php(17): require('/nas/content/li...')
#14 {main}
  thrown in /nas/content/live/hazmatunivers1/wp-content/plugins/hu-customizations/src/Core/Init.php on line 15
[10-Oct-2024 21:26:58 UTC] PHP Fatal error:  Uncaught Error: Class "HU\Customizations\LMS\Init" not found in /nas/content/live/hazmatunivers1/wp-content/plugins/hu-customizations/src/Core/Init.php:15
Stack trace:
#0 /nas/content/live/hazmatunivers1/wp-content/plugins/hu-customizations/src/Core/Init.php(9): HUCustomizations\Core\Init->init()
#1 /nas/content/live/hazmatunivers1/wp-content/plugins/hu-customizations/src/Core/Init.php(25): HUCustomizations\Core\Init->__construct()
#2 /nas/content/live/hazmatunivers1/wp-content/plugins/hu-customizations/src/Init.php(12): HUCustomizations\Core\Init::get_instance()
#3 /nas/content/live/hazmatunivers1/wp-content/plugins/hu-customizations/src/Init.php(8): HUCustomizations\Init->init()
#4 /nas/content/live/hazmatunivers1/wp-content/plugins/hu-customizations/src/Init.php(22): HUCustomizations\Init->__construct()
#5 /nas/content/live/hazmatunivers1/wp-content/plugins/hu-customizations/hu-customizations.php(26): HUCustomizations\Init::get_instance()
#6 /nas/content/live/hazmatunivers1/wp-includes/class-wp-hook.php(324): wc_gateway_init('')
#7 /nas/content/live/hazmatunivers1/wp-includes/class-wp-hook.php(348): WP_Hook->apply_filters(NULL, Array)
#8 /nas/content/live/hazmatunivers1/wp-includes/plugin.php(517): WP_Hook->do_action(Array)
#9 /nas/content/live/hazmatunivers1/wp-settings.php(555): do_action('plugins_loaded')
#10 /nas/content/live/hazmatunivers1/wp-config.php(126): require_once('/nas/content/li...')
#11 /nas/content/live/hazmatunivers1/wp-load.php(50): require_once('/nas/content/li...')
#12 /nas/content/live/hazmatunivers1/wp-blog-header.php(13): require_once('/nas/content/li...')
#13 /nas/content/live/hazmatunivers1/index.php(17): require('/nas/content/li...')
#14 {main}
  thrown in /nas/content/live/hazmatunivers1/wp-content/plugins/hu-customizations/src/Core/Init.php on line 15
